<?xml version="1.0" encoding="UTF-8"?>
<!-- Generated by org.testng.reporters.JUnitReportReporter -->
<testsuite hostname="DipaliV-lpt" failures="0" tests="2" name="com.qa.tests.GoogleTitle" time="0.227" errors="0" timestamp="2021-05-23T20:17:34 IST" skipped="0">
  <testcase classname="com.qa.tests.GoogleTitle" name="verifygoogleTitleTest" time="0.028"/>
  <system-out/>
  <testcase classname="com.qa.tests.GoogleTitle" name="verifysearch" time="0.199"/>
  <system-out/>
</testsuite> <!-- com.qa.tests.GoogleTitle -->
